<?xml version="1.0" encoding="UTF-8"?>
<robot generator="Robot 4.1.3 (Python 3.10.0 on win32)" generated="20220203 15:36:44.711" rpa="false" schemaversion="2">
<suite id="s1" name="Search" source="C:\Users\alvin\Documents\Latihan\EvermosDynamicsWeb\Features\search.robot">
<test id="s1-t1" name="User want to search listed products">
<kw name="Open toko homepage search">
<kw name="Open Browser" library="SeleniumLibrary">
<arg>${url_search}</arg>
<arg>${browser}</arg>
<doc>Opens a new browser instance to the optional ``url``.</doc>
<msg timestamp="20220203 15:36:45.092" level="INFO">Opening browser 'Chrome' to base url 'https://berikhtiar.com/qa.candida.f22/browse?q='.</msg>
<status status="PASS" starttime="20220203 15:36:45.092" endtime="20220203 15:36:47.395"/>
</kw>
<kw name="Wait Until Page Contains" library="SeleniumLibrary">
<arg>Total Model</arg>
<doc>Waits until ``text`` appears on the current page.</doc>
<msg timestamp="20220203 15:37:05.420" level="WARN">Keyword 'Capture Page Screenshot' could not be run on failure: Message: chrome not reachable
  (Session info: chrome=98.0.4758.80)
Stacktrace:
Backtrace:
	Ordinal0 [0x00F4FDC3+2555331]
	Ordinal0 [0x00EE77F1+2127857]
	Ordinal0 [0x00DE2CD0+1060048]
	Ordinal0 [0x00DD7BE2+1014754]
	Ordinal0 [0x00DD83E8+1016808]
	Ordinal0 [0x00DD9C02+1022978]
	Ordinal0 [0x00DD3AB9+998073]
	Ordinal0 [0x00DE4040+1065024]
	Ordinal0 [0x00E36DC2+1404354]
	Ordinal0 [0x00E27976+1341814]
	Ordinal0 [0x00E036B6+1193654]
	Ordinal0 [0x00E04546+1197382]
	GetHandleVerifier [0x010E9622+1619522]
	GetHandleVerifier [0x0119882C+2336844]
	GetHandleVerifier [0x00FE23E1+541697]
	GetHandleVerifier [0x00FE1443+537699]
	Ordinal0 [0x00EED18E+2150798]
	Ordinal0 [0x00EF1518+2168088]
	Ordinal0 [0x00EF1660+2168416]
	Ordinal0 [0x00EFB330+2208560]
	BaseThreadInitThunk [0x76A6FA29+25]
	RtlGetAppContainerNamedObjectPath [0x77DD7A9E+286]
	RtlGetAppContainerNamedObjectPath [0x77DD7A6E+238]
</msg>
<msg timestamp="20220203 15:37:05.420" level="FAIL">WebDriverException: Message: chrome not reachable
  (Session info: chrome=98.0.4758.80)
Stacktrace:
Backtrace:
	Ordinal0 [0x00F4FDC3+2555331]
	Ordinal0 [0x00EE77F1+2127857]
	Ordinal0 [0x00DE2CD0+1060048]
	Ordinal0 [0x00DD7BE2+1014754]
	Ordinal0 [0x00DD83E8+1016808]
	Ordinal0 [0x00DD9C02+1022978]
	Ordinal0 [0x00DD3AB9+998073]
	Ordinal0 [0x00DE4040+1065024]
	Ordinal0 [0x00E36DC2+1404354]
	Ordinal0 [0x00E27976+1341814]
	Ordinal0 [0x00E036B6+1193654]
	Ordinal0 [0x00E04546+1197382]
	GetHandleVerifier [0x010E9622+1619522]
	GetHandleVerifier [0x0119882C+2336844]
	GetHandleVerifier [0x00FE23E1+541697]
	GetHandleVerifier [0x00FE1443+537699]
	Ordinal0 [0x00EED18E+2150798]
	Ordinal0 [0x00EF1518+2168088]
	Ordinal0 [0x00EF1660+2168416]
	Ordinal0 [0x00EFB330+2208560]
	BaseThreadInitThunk [0x76A6FA29+25]
	RtlGetAppContainerNamedObjectPath [0x77DD7A9E+286]
	RtlGetAppContainerNamedObjectPath [0x77DD7A6E+238]
</msg>
<status status="FAIL" starttime="20220203 15:36:47.395" endtime="20220203 15:37:05.420"/>
</kw>
<kw name="Sleep" library="BuiltIn">
<arg>2s</arg>
<doc>Pauses the test executed for the given time.</doc>
<status status="NOT RUN" starttime="20220203 15:37:05.420" endtime="20220203 15:37:05.420"/>
</kw>
<status status="FAIL" starttime="20220203 15:36:45.092" endtime="20220203 15:37:05.420"/>
</kw>
<kw name="User open search">
<arg>Madu</arg>
<arg>Madu</arg>
<status status="NOT RUN" starttime="20220203 15:37:05.420" endtime="20220203 15:37:05.420"/>
</kw>
<kw name="Closing browser">
<status status="NOT RUN" starttime="20220203 15:37:05.420" endtime="20220203 15:37:05.420"/>
</kw>
<doc>As user I want to search "Madu" products list</doc>
<status status="FAIL" starttime="20220203 15:36:45.092" endtime="20220203 15:37:05.420">WebDriverException: Message: chrome not reachable
  (Session info: chrome=98.0.4758.80)
Stacktrace:
Backtrace:
	Ordinal0 [0x00F4FDC3+2555331]
	Ordinal0 [0x00EE77F1+2127857]
	Ordinal0 [0x00DE2CD0+1060048]
	Ordinal0 [0x00DD7BE2+1014754]
	Ordinal0 [0x00DD83E8+1016808]
	Ordinal0 [0x00DD9C02+1022978]
	Ordinal0 [0x00DD3AB9+998073]
	Ordinal0 [0x00DE4040+1065024]
	Ordinal0 [0x00E36DC2+1404354]
	Ordinal0 [0x00E27976+1341814]
	Ordinal0 [0x00E036B6+1193654]
	Ordinal0 [0x00E04546+1197382]
	GetHandleVerifier [0x010E9622+1619522]
	GetHandleVerifier [0x0119882C+2336844]
	GetHandleVerifier [0x00FE23E1+541697]
	GetHandleVerifier [0x00FE1443+537699]
	Ordinal0 [0x00EED18E+2150798]
	Ordinal0 [0x00EF1518+2168088]
	Ordinal0 [0x00EF1660+2168416]
	Ordinal0 [0x00EFB330+2208560]
	BaseThreadInitThunk [0x76A6FA29+25]
	RtlGetAppContainerNamedObjectPath [0x77DD7A9E+286]
	RtlGetAppContainerNamedObjectPath [0x77DD7A6E+238]
</status>
</test>
<test id="s1-t2" name="User search unlisted product">
<kw name="Open toko homepage search">
<kw name="Open Browser" library="SeleniumLibrary">
<arg>${url_search}</arg>
<arg>${browser}</arg>
<doc>Opens a new browser instance to the optional ``url``.</doc>
<msg timestamp="20220203 15:37:05.420" level="INFO">Opening browser 'Chrome' to base url 'https://berikhtiar.com/qa.candida.f22/browse?q='.</msg>
<status status="PASS" starttime="20220203 15:37:05.420" endtime="20220203 15:37:07.384"/>
</kw>
<kw name="Wait Until Page Contains" library="SeleniumLibrary">
<arg>Total Model</arg>
<doc>Waits until ``text`` appears on the current page.</doc>
<msg timestamp="20220203 15:37:10.632" level="WARN">Keyword 'Capture Page Screenshot' could not be run on failure: Message: no such window: target window already closed
from unknown error: web view not found
  (Session info: chrome=98.0.4758.80)
Stacktrace:
Backtrace:
	Ordinal0 [0x00F4FDC3+2555331]
	Ordinal0 [0x00EE77F1+2127857]
	Ordinal0 [0x00DE2E08+1060360]
	Ordinal0 [0x00DCC270+967280]
	Ordinal0 [0x00E2A119+1351961]
	Ordinal0 [0x00E36D82+1404290]
	Ordinal0 [0x00E27976+1341814]
	Ordinal0 [0x00E036B6+1193654]
	Ordinal0 [0x00E04546+1197382]
	GetHandleVerifier [0x010E9622+1619522]
	GetHandleVerifier [0x0119882C+2336844]
	GetHandleVerifier [0x00FE23E1+541697]
	GetHandleVerifier [0x00FE1443+537699]
	Ordinal0 [0x00EED18E+2150798]
	Ordinal0 [0x00EF1518+2168088]
	Ordinal0 [0x00EF1660+2168416]
	Ordinal0 [0x00EFB330+2208560]
	BaseThreadInitThunk [0x76A6FA29+25]
	RtlGetAppContainerNamedObjectPath [0x77DD7A9E+286]
	RtlGetAppContainerNamedObjectPath [0x77DD7A6E+238]
</msg>
<msg timestamp="20220203 15:37:10.632" level="FAIL">NoSuchWindowException: Message: no such window: target window already closed
from unknown error: web view not found
  (Session info: chrome=98.0.4758.80)
Stacktrace:
Backtrace:
	Ordinal0 [0x00F4FDC3+2555331]
	Ordinal0 [0x00EE77F1+2127857]
	Ordinal0 [0x00DE2E08+1060360]
	Ordinal0 [0x00DCC270+967280]
	Ordinal0 [0x00E2A119+1351961]
	Ordinal0 [0x00E36D82+1404290]
	Ordinal0 [0x00E27976+1341814]
	Ordinal0 [0x00E036B6+1193654]
	Ordinal0 [0x00E04546+1197382]
	GetHandleVerifier [0x010E9622+1619522]
	GetHandleVerifier [0x0119882C+2336844]
	GetHandleVerifier [0x00FE23E1+541697]
	GetHandleVerifier [0x00FE1443+537699]
	Ordinal0 [0x00EED18E+2150798]
	Ordinal0 [0x00EF1518+2168088]
	Ordinal0 [0x00EF1660+2168416]
	Ordinal0 [0x00EFB330+2208560]
	BaseThreadInitThunk [0x76A6FA29+25]
	RtlGetAppContainerNamedObjectPath [0x77DD7A9E+286]
	RtlGetAppContainerNamedObjectPath [0x77DD7A6E+238]
</msg>
<status status="FAIL" starttime="20220203 15:37:07.384" endtime="20220203 15:37:10.632"/>
</kw>
<kw name="Sleep" library="BuiltIn">
<arg>2s</arg>
<doc>Pauses the test executed for the given time.</doc>
<status status="NOT RUN" starttime="20220203 15:37:10.632" endtime="20220203 15:37:10.632"/>
</kw>
<status status="FAIL" starttime="20220203 15:37:05.420" endtime="20220203 15:37:10.632"/>
</kw>
<kw name="User open search">
<arg>Handphone</arg>
<arg>-</arg>
<status status="NOT RUN" starttime="20220203 15:37:10.632" endtime="20220203 15:37:10.632"/>
</kw>
<kw name="Closing browser">
<status status="NOT RUN" starttime="20220203 15:37:10.632" endtime="20220203 15:37:10.632"/>
</kw>
<doc>As user I want to search "Handphone" products list</doc>
<status status="FAIL" starttime="20220203 15:37:05.420" endtime="20220203 15:37:10.632">NoSuchWindowException: Message: no such window: target window already closed
from unknown error: web view not found
  (Session info: chrome=98.0.4758.80)
Stacktrace:
Backtrace:
	Ordinal0 [0x00F4FDC3+2555331]
	Ordinal0 [0x00EE77F1+2127857]
	Ordinal0 [0x00DE2E08+1060360]
	Ordinal0 [0x00DCC270+967280]
	Ordinal0 [0x00E2A119+1351961]
	Ordinal0 [0x00E36D82+1404290]
	Ordinal0 [0x00E27976+1341814]
	Ordinal0 [0x00E036B6+1193654]
	Ordinal0 [0x00E04546+1197382]
	GetHandleVerifier [0x010E9622+1619522]
	GetHandleVerifier [0x0119882C+2336844]
	GetHandleVerifier [0x00FE23E1+541697]
	GetHandleVerifier [0x00FE1443+537699]
	Ordinal0 [0x00EED18E+2150798]
	Ordinal0 [0x00EF1518+2168088]
	Ordinal0 [0x00EF1660+2168416]
	Ordinal0 [0x00EFB330+2208560]
	BaseThreadInitThunk [0x76A6FA29+25]
	RtlGetAppContainerNamedObjectPath [0x77DD7A9E+286]
	RtlGetAppContainerNamedObjectPath [0x77DD7A6E+238]
</status>
</test>
<doc>Product Search Feature</doc>
<status status="FAIL" starttime="20220203 15:36:44.711" endtime="20220203 15:37:10.647"/>
</suite>
<statistics>
<total>
<stat pass="0" fail="2" skip="0">All Tests</stat>
</total>
<tag>
</tag>
<suite>
<stat pass="0" fail="2" skip="0" id="s1" name="Search">Search</stat>
</suite>
</statistics>
<errors>
<msg timestamp="20220203 15:37:05.420" level="WARN">Keyword 'Capture Page Screenshot' could not be run on failure: Message: chrome not reachable
  (Session info: chrome=98.0.4758.80)
Stacktrace:
Backtrace:
	Ordinal0 [0x00F4FDC3+2555331]
	Ordinal0 [0x00EE77F1+2127857]
	Ordinal0 [0x00DE2CD0+1060048]
	Ordinal0 [0x00DD7BE2+1014754]
	Ordinal0 [0x00DD83E8+1016808]
	Ordinal0 [0x00DD9C02+1022978]
	Ordinal0 [0x00DD3AB9+998073]
	Ordinal0 [0x00DE4040+1065024]
	Ordinal0 [0x00E36DC2+1404354]
	Ordinal0 [0x00E27976+1341814]
	Ordinal0 [0x00E036B6+1193654]
	Ordinal0 [0x00E04546+1197382]
	GetHandleVerifier [0x010E9622+1619522]
	GetHandleVerifier [0x0119882C+2336844]
	GetHandleVerifier [0x00FE23E1+541697]
	GetHandleVerifier [0x00FE1443+537699]
	Ordinal0 [0x00EED18E+2150798]
	Ordinal0 [0x00EF1518+2168088]
	Ordinal0 [0x00EF1660+2168416]
	Ordinal0 [0x00EFB330+2208560]
	BaseThreadInitThunk [0x76A6FA29+25]
	RtlGetAppContainerNamedObjectPath [0x77DD7A9E+286]
	RtlGetAppContainerNamedObjectPath [0x77DD7A6E+238]
</msg>
<msg timestamp="20220203 15:37:10.632" level="WARN">Keyword 'Capture Page Screenshot' could not be run on failure: Message: no such window: target window already closed
from unknown error: web view not found
  (Session info: chrome=98.0.4758.80)
Stacktrace:
Backtrace:
	Ordinal0 [0x00F4FDC3+2555331]
	Ordinal0 [0x00EE77F1+2127857]
	Ordinal0 [0x00DE2E08+1060360]
	Ordinal0 [0x00DCC270+967280]
	Ordinal0 [0x00E2A119+1351961]
	Ordinal0 [0x00E36D82+1404290]
	Ordinal0 [0x00E27976+1341814]
	Ordinal0 [0x00E036B6+1193654]
	Ordinal0 [0x00E04546+1197382]
	GetHandleVerifier [0x010E9622+1619522]
	GetHandleVerifier [0x0119882C+2336844]
	GetHandleVerifier [0x00FE23E1+541697]
	GetHandleVerifier [0x00FE1443+537699]
	Ordinal0 [0x00EED18E+2150798]
	Ordinal0 [0x00EF1518+2168088]
	Ordinal0 [0x00EF1660+2168416]
	Ordinal0 [0x00EFB330+2208560]
	BaseThreadInitThunk [0x76A6FA29+25]
	RtlGetAppContainerNamedObjectPath [0x77DD7A9E+286]
	RtlGetAppContainerNamedObjectPath [0x77DD7A6E+238]
</msg>
</errors>
</robot>
